<?xml version="1.0" encoding="UTF-8"?>
<!-- Generated by org.testng.reporters.JUnitXMLReporter -->
<testsuite hostname="LP000452" ignored="0" name="Default test" tests="1" failures="0" timestamp="2020-04-26T23:17:00 IST" time="0.044" errors="0">
  <testcase name="@BeforeSuite setUpFramework" time="0.017" classname="com.cigniti.testbase.TestBase">
    <failure type="java.lang.IllegalArgumentException" message="No enum constant com.cigniti.driver.factory.DriverType.Chrome">
      <![CDATA[java.lang.IllegalArgumentException: No enum constant com.cigniti.driver.factory.DriverType.Chrome
at java.lang.Enum.valueOf(Unknown Source)
at com.cigniti.driver.factory.DriverType.valueOf(DriverType.java:1)
at com.cigniti.testbase.TestBase.launchBrowser(TestBase.java:78)
at com.cigniti.testbase.TestBase.setUpFramework(TestBase.java:67)
at sun.reflect.NativeMethodAccessorImpl.invoke0(Native Method)
at sun.reflect.NativeMethodAccessorImpl.invoke(Unknown Source)
at sun.reflect.DelegatingMethodAccessorImpl.invoke(Unknown Source)
at java.lang.reflect.Method.invoke(Unknown Source)
at org.testng.internal.MethodInvocationHelper.invokeMethod(MethodInvocationHelper.java:134)
at org.testng.internal.MethodInvocationHelper.invokeMethodConsideringTimeout(MethodInvocationHelper.java:63)
at org.testng.internal.ConfigInvoker.invokeConfigurationMethod(ConfigInvoker.java:348)
at org.testng.internal.ConfigInvoker.invokeConfigurations(ConfigInvoker.java:302)
at org.testng.SuiteRunner.privateRun(SuiteRunner.java:327)
at org.testng.SuiteRunner.run(SuiteRunner.java:286)
at org.testng.SuiteRunnerWorker.runSuite(SuiteRunnerWorker.java:53)
at org.testng.SuiteRunnerWorker.run(SuiteRunnerWorker.java:96)
at org.testng.TestNG.runSuitesSequentially(TestNG.java:1187)
at org.testng.TestNG.runSuitesLocally(TestNG.java:1109)
at org.testng.TestNG.runSuites(TestNG.java:1039)
at org.testng.TestNG.run(TestNG.java:1007)
at org.testng.remote.AbstractRemoteTestNG.run(AbstractRemoteTestNG.java:115)
at org.testng.remote.RemoteTestNG.initAndRun(RemoteTestNG.java:251)
at org.testng.remote.RemoteTestNG.main(RemoteTestNG.java:77)
]]>
    </failure>
  </testcase> <!-- @BeforeSuite setUpFramework -->
  <testcase name="loginCRMTest" time="0.0" classname="client.crm.Release1.Tests.LoginTest">
    <skipped/>
  </testcase> <!-- loginCRMTest -->
</testsuite> <!-- Default test -->
