<?xml version="1.0" encoding="UTF-8"?>
<!-- Generated by org.testng.reporters.JUnitXMLReporter -->
<testsuite hostname="LP000452" ignored="1" name="Login Into CRM" tests="7" failures="1" timestamp="2020-04-30T11:06:23 IST" time="69.816" errors="0">
  <testcase name="loginCRMTest" time="7.21" classname="client.crm.Release1.Tests.LoginTest"/>
  <testcase name="verifyCalendarLinksideNavigationLink" time="0.073" classname="client.crm.Release1.Tests.HomeTest"/>
  <testcase name="verifyCompaniesLinksideNavigationLink" time="0.064" classname="client.crm.Release1.Tests.HomeTest"/>
  <testcase name="verifyContactsLinksideNavigationLink" time="0.812" classname="client.crm.Release1.Tests.HomeTest"/>
  <testcase name="verifyDealsLinksideNavigationLink" time="0.071" classname="client.crm.Release1.Tests.HomeTest"/>
  <testcase name="verifyHomeLinksideNavigationLink" time="61.046" classname="client.crm.Release1.Tests.HomeTest">
    <failure type="java.lang.AssertionError" message="expected [true] but found [false]">
      <![CDATA[java.lang.AssertionError: expected [true] but found [false]
at client.crm.Pages.HomePage.verifyHomeLink(HomePage.java:106)
at client.crm.Release1.Tests.HomeTest.verifyHomeLinksideNavigationLink(HomeTest.java:47)
at java.util.ArrayList.forEach(Unknown Source)
... Removed 31 stack frames]]>
    </failure>
  </testcase> <!-- verifyHomeLinksideNavigationLink -->
  <testcase name="verifyTasksLinksideNavigationLink" time="0.075" classname="client.crm.Release1.Tests.HomeTest"/>
  <testcase name="@BeforeSuite setUpFramework" time="0.0" classname="com.cigniti.testbase.TestBase">
    <ignored/>
  </testcase> <!-- @BeforeSuite setUpFramework -->
</testsuite> <!-- Login Into CRM -->
